ERROR 2021/02/03 16:40:44 utils.go:101: no such table: post Cannot create post
WARNING 2021/02/03 21:59:31 utils.go:106: <nil> Failed to get cookie
WARNING 2021/02/03 22:10:46 utils.go:106: <nil> Failed to get cookie
WARNING 2021/02/03 22:11:46 utils.go:106: <nil> Failed to get cookie
WARNING 2021/02/03 22:13:05 utils.go:106: <nil> Failed to get cookie
WARNING 2021/02/04 21:32:43 utils.go:106: <nil> Failed to get cookie
WARNING 2021/02/04 21:32:58 utils.go:106: <nil> Failed to get cookie
WARNING 2021/02/04 21:33:36 utils.go:106: <nil> Failed to get cookie
WARNING 2021/02/04 21:38:34 utils.go:106: <nil> Failed to get cookie
WARNING 2021/02/05 19:25:58 utils.go:106: <nil> Failed to get cookie
ERROR 2021/02/05 19:28:26 utils.go:101: no such table: post Cannot create post
ERROR 2021/02/05 19:31:46 utils.go:101: no such table: post Cannot create post
ERROR 2021/02/05 19:31:52 utils.go:101: no such table: post Cannot create post
ERROR 2021/02/05 19:31:58 utils.go:101: no such table: post Cannot create post
ERROR 2021/02/05 19:44:16 utils.go:101: no such table: post Cannot create post
ERROR 2021/02/05 19:44:20 utils.go:101: no such table: post Cannot create post
ERROR 2021/02/05 20:05:05 utils.go:101: UNIQUE constraint failed: users.email Cannot create user
WARNING 2021/02/05 22:29:27 utils.go:106: <nil> Failed to get cookie
ERROR 2021/02/06 00:03:47 utils.go:101: sql: no rows in result set Cannot find user
ERROR 2021/02/06 00:03:48 utils.go:101: sql: no rows in result set Cannot find user
ERROR 2021/02/06 00:08:30 utils.go:101: sql: no rows in result set Cannot find user
ERROR 2021/02/06 00:08:31 utils.go:101: sql: no rows in result set Cannot find user
ERROR 2021/02/06 00:08:31 utils.go:101: sql: no rows in result set Cannot find user
ERROR 2021/02/06 00:12:21 utils.go:101: sql: no rows in result set Cannot create user
ERROR 2021/02/06 00:13:01 utils.go:101: sql: no rows in result set Cannot create user
ERROR 2021/02/06 00:13:26 utils.go:101: UNIQUE constraint failed: users.email Cannot create user
ERROR 2021/02/06 00:13:31 utils.go:101: UNIQUE constraint failed: users.email Cannot create user
ERROR 2021/02/06 00:13:35 utils.go:101: UNIQUE constraint failed: users.email Cannot create user
WARNING 2021/02/06 00:21:37 utils.go:106: <nil> Failed to get cookie
WARNING 2021/02/06 01:13:08 utils.go:106: <nil> Failed to get cookie
ERROR 2021/02/06 01:15:10 utils.go:101: sql: no rows in result set Cannot create user
ERROR 2021/02/06 01:17:20 utils.go:101: sql: no rows in result set Cannot create user
WARNING 2021/02/06 02:23:48 utils.go:106: <nil> Failed to get cookie
ERROR 2021/02/06 02:40:15 utils.go:101: sql: no rows in result set Cannot create user
ERROR 2021/02/06 03:00:07 utils.go:101: sql: no rows in result set Cannot create user
ERROR 2021/02/06 03:04:22 utils.go:101: sql: no rows in result set Cannot create user
ERROR 2021/02/06 03:10:18 utils.go:101: UNIQUE constraint failed: users.email Cannot create user
ERROR 2021/02/06 03:10:54 utils.go:101: sql: no rows in result set Cannot create user
ERROR 2021/02/06 03:20:43 utils.go:101: sql: no rows in result set Cannot find user
ERROR 2021/02/06 03:20:43 utils.go:101: crypto/bcrypt: hashedSecret too short to be a bcrypted password Invalid email or password
ERROR 2021/02/06 03:21:30 utils.go:101: sql: no rows in result set Cannot find user
ERROR 2021/02/06 03:21:30 utils.go:101: crypto/bcrypt: hashedSecret too short to be a bcrypted password Invalid email or password
ERROR 2021/02/06 03:21:34 utils.go:101: sql: no rows in result set Cannot find user
ERROR 2021/02/06 03:21:34 utils.go:101: crypto/bcrypt: hashedSecret too short to be a bcrypted password Invalid email or password
ERROR 2021/02/06 03:21:38 utils.go:101: sql: no rows in result set Cannot find user
ERROR 2021/02/06 03:21:38 utils.go:101: crypto/bcrypt: hashedSecret too short to be a bcrypted password Invalid email or password
ERROR 2021/02/06 03:22:42 utils.go:101: sql: no rows in result set Cannot find user
ERROR 2021/02/06 03:22:42 utils.go:101: crypto/bcrypt: hashedSecret too short to be a bcrypted password Invalid email or password
ERROR 2021/02/06 03:24:19 utils.go:101: sql: no rows in result set Cannot find user
WARNING 2021/02/06 03:28:10 utils.go:106: <nil> Failed to get cookie
ERROR 2021/02/06 03:39:18 utils.go:101: UNIQUE constraint failed: users.email Cannot create user
ERROR 2021/02/06 03:44:29 utils.go:101: UNIQUE constraint failed: users.email Cannot create user
ERROR 2021/02/06 03:45:04 utils.go:101: sql: no rows in result set Cannot create user
ERROR 2021/02/06 03:46:49 utils.go:101: sql: no rows in result set Cannot create user
ERROR 2021/02/06 03:52:10 utils.go:101: UNIQUE constraint failed: users.email Cannot create user
WARNING 2021/02/06 04:23:31 utils.go:106: <nil> Failed to get cookie
WARNING 2021/02/06 13:59:08 utils.go:105: <nil> Failed to get cookie
WARNING 2021/02/06 18:09:13 utils.go:105: <nil> Failed to get cookie
WARNING 2021/02/06 22:26:25 utils.go:105: <nil> Failed to get cookie
WARNING 2021/02/06 22:47:49 utils.go:100: <nil> Failed to get cookie
WARNING 2021/02/06 22:47:52 utils.go:100: <nil> Failed to get cookie
WARNING 2021/02/06 23:08:45 utils.go:87: <nil> Failed to get cookie
WARNING 2021/02/07 00:32:31 utils.go:88: <nil> Failed to get cookie
WARNING 2021/02/07 00:43:28 utils.go:88: <nil> Failed to get cookie
WARNING 2021/02/07 16:22:55 utils.go:88: <nil> Failed to get cookie
ERROR 2021/02/07 16:25:14 utils.go:83: UNIQUE constraint failed: users.email Cannot create user
WARNING 2021/02/07 21:13:56 utils.go:88: <nil> Failed to get cookie
WARNING 2021/02/07 21:16:34 utils.go:88: <nil> Failed to get cookie
WARNING 2021/02/07 21:28:20 utils.go:88: <nil> Failed to get cookie
WARNING 2021/02/07 21:30:09 utils.go:88: <nil> Failed to get cookie
WARNING 2021/02/09 18:38:11 utils.go:88: <nil> Failed to get cookie
ERROR 2021/02/09 19:06:48 utils.go:83: request Content-Type isn't multipart/form-data Cannot upload image.
ERROR 2021/02/09 19:09:19 utils.go:83: request Content-Type isn't multipart/form-data Cannot upload image.
ERROR 2021/02/09 19:09:40 utils.go:83: request Content-Type isn't multipart/form-data Cannot upload image.
WARNING 2021/02/13 18:28:03 utils.go:88: <nil> Failed to get cookie
ERROR 2021/02/13 19:18:12 utils.go:83: open images/img-2c0da63f-b656-4f9c-9362-261d46363715.jpeg: no such file or directory Cannot upload image.
ERROR 2021/02/13 20:28:36 utils.go:83: <nil> Image type is not supported.
ERROR 2021/02/13 20:29:41 utils.go:83: <nil> Image type is not supported.
ERROR 2021/02/13 20:30:16 utils.go:83: <nil> Image type is not supported.
ERROR 2021/02/19 18:07:38 utils.go:83: <nil> Image type is not supported.
ERROR 2021/02/19 18:17:51 utils.go:83: <nil> Image type is not supported.
ERROR 2021/02/19 19:12:30 utils.go:83: <nil> Image type is not supported.
ERROR 2021/02/20 14:30:36 utils.go:83: <nil> File size is more than 20MB.
ERROR 2021/02/20 16:05:13 utils.go:84: sql: no rows in result set Cannot find user
ERROR 2021/02/20 16:05:29 utils.go:84: sql: no rows in result set Cannot find user
ERROR 2021/02/20 16:06:27 utils.go:84: <nil> File size is more than 20MB.
ERROR 2021/02/20 16:06:46 utils.go:84: <nil> File size is more than 20MB.
ERROR 2021/02/20 16:52:08 utils.go:86: <nil> File size is more than 20MB.
ERROR 2021/02/20 19:06:39 utils.go:86: sql: no rows in result set Cannot find user
WARNING 2021/02/20 19:06:45 utils.go:91: <nil> Failed to get cookie
WARNING 2021/02/20 19:40:52 utils.go:91: <nil> Failed to get cookie
ERROR 2021/02/20 19:43:39 utils.go:86: <nil> Image is damaged or image type is not supported.
